# JRE version: OpenJDK Runtime Environment JBR-17.0.9+8-1162.4-jcef (17.0.9+8) (build 17.0.9+8-b1162.4)
# Java VM: OpenJDK 64-Bit Server VM JBR-17.0.9+8-1162.4-jcef (17.0.9+8-b1162.4, mixed mode, tiered, compressed oops, compressed class ptrs, g1 gc, windows-amd64)
GC Precious Log:
 CPUs: 12 total, 12 available
 Memory: 16170M
 Large Page Support: Disabled
 NUMA Support: Disabled
 Compressed Oops: Enabled (32-bit)
 Heap Region Size: 1M
 Heap Min Capacity: 8M
 Heap Initial Capacity: 254M
 Heap Max Capacity: 2G
 Pre-touch: Disabled
 Parallel Workers: 10
 Concurrent Workers: 3
 Concurrent Refinement Workers: 10
 Periodic GC: Disabled
Heap:
 garbage-first heap   total 331776K, used 107599K [0x0000000080000000, 0x0000000100000000)
  region size 1024K, 10 young (10240K), 10 survivors (10240K)
 Metaspace       used 102669K, committed 103808K, reserved 1179648K
  class space    used 13900K, committed 14400K, reserved 1048576K
GC Heap History (20 events):
Event: 17.629 GC heap after
{Heap after GC invocations=44 (full 3):
 garbage-first heap   total 291840K, used 182419K [0x0000000080000000, 0x0000000100000000)
  region size 1024K, 7 young (7168K), 7 survivors (7168K)
 Metaspace       used 99365K, committed 100416K, reserved 1179648K
  class space    used 13589K, committed 14016K, reserved 1048576K
}
Event: 17.676 GC heap before
{Heap before GC invocations=44 (full 3):
 garbage-first heap   total 291840K, used 226451K [0x0000000080000000, 0x0000000100000000)
  region size 1024K, 49 young (50176K), 7 survivors (7168K)
 Metaspace       used 99385K, committed 100416K, reserved 1179648K
  class space    used 13589K, committed 14016K, reserved 1048576K
}
Event: 17.681 GC heap after
{Heap after GC invocations=45 (full 3):
 garbage-first heap   total 468992K, used 189467K [0x0000000080000000, 0x0000000100000000)
  region size 1024K, 6 young (6144K), 6 survivors (6144K)
 Metaspace       used 99385K, committed 100416K, reserved 1179648K
  class space    used 13589K, committed 14016K, reserved 1048576K
}
Event: 17.943 GC heap before
{Heap before GC invocations=46 (full 3):
 garbage-first heap   total 468992K, used 326683K [0x0000000080000000, 0x0000000100000000)
  region size 1024K, 142 young (145408K), 6 survivors (6144K)
 Metaspace       used 98292K, committed 99456K, reserved 1179648K
  class space    used 13422K, committed 13888K, reserved 1048576K
}
Event: 17.955 GC heap after
{Heap after GC invocations=47 (full 3):
 garbage-first heap   total 468992K, used 204791K [0x0000000080000000, 0x0000000100000000)
  region size 1024K, 18 young (18432K), 18 survivors (18432K)
 Metaspace       used 98292K, committed 99456K, reserved 1179648K
  class space    used 13422K, committed 13888K, reserved 1048576K
}
Event: 17.961 GC heap before
{Heap before GC invocations=47 (full 3):
 garbage-first heap   total 468992K, used 207863K [0x0000000080000000, 0x0000000100000000)
  region size 1024K, 22 young (22528K), 18 survivors (18432K)
 Metaspace       used 98292K, committed 99456K, reserved 1179648K
  class space    used 13422K, committed 13888K, reserved 1048576K
}
Event: 17.968 GC heap after
{Heap after GC invocations=48 (full 3):
 garbage-first heap   total 468992K, used 204503K [0x0000000080000000, 0x0000000100000000)
  region size 1024K, 3 young (3072K), 3 survivors (3072K)
 Metaspace       used 98292K, committed 99456K, reserved 1179648K
  class space    used 13422K, committed 13888K, reserved 1048576K
}
Event: 18.147 GC heap before
{Heap before GC invocations=48 (full 3):
 garbage-first heap   total 468992K, used 339671K [0x0000000080000000, 0x0000000100000000)
  region size 1024K, 135 young (138240K), 3 survivors (3072K)
 Metaspace       used 98303K, committed 99456K, reserved 1179648K
  class space    used 13423K, committed 13888K, reserved 1048576K
}
Event: 18.154 GC heap after
{Heap after GC invocations=49 (full 3):
 garbage-first heap   total 468992K, used 220904K [0x0000000080000000, 0x0000000100000000)
  region size 1024K, 17 young (17408K), 17 survivors (17408K)
 Metaspace       used 98303K, committed 99456K, reserved 1179648K
  class space    used 13423K, committed 13888K, reserved 1048576K
}
Event: 18.842 GC heap before
{Heap before GC invocations=49 (full 3):
 garbage-first heap   total 468992K, used 349928K [0x0000000080000000, 0x0000000100000000)
  region size 1024K, 144 young (147456K), 17 survivors (17408K)
 Metaspace       used 99024K, committed 100032K, reserved 1179648K
  class space    used 13540K, committed 14016K, reserved 1048576K
}
Event: 18.859 GC heap after
{Heap after GC invocations=50 (full 3):
 garbage-first heap   total 468992K, used 239346K [0x0000000080000000, 0x0000000100000000)
  region size 1024K, 18 young (18432K), 18 survivors (18432K)
 Metaspace       used 99024K, committed 100032K, reserved 1179648K
  class space    used 13540K, committed 14016K, reserved 1048576K
}
Event: 556.403 GC heap before
{Heap before GC invocations=50 (full 3):
 garbage-first heap   total 468992K, used 336626K [0x0000000080000000, 0x0000000100000000)
  region size 1024K, 115 young (117760K), 18 survivors (18432K)
 Metaspace       used 100612K, committed 101696K, reserved 1179648K
  class space    used 13721K, committed 14208K, reserved 1048576K
}
Event: 556.474 GC heap after
{Heap after GC invocations=51 (full 4):
 garbage-first heap   total 331776K, used 95410K [0x0000000080000000, 0x0000000100000000)
  region size 1024K, 0 young (0K), 0 survivors (0K)
 Metaspace       used 100612K, committed 101696K, reserved 1179648K
  class space    used 13721K, committed 14208K, reserved 1048576K
}
Event: 557.228 GC heap before
{Heap before GC invocations=51 (full 4):
 garbage-first heap   total 331776K, used 230578K [0x0000000080000000, 0x0000000100000000)
  region size 1024K, 132 young (135168K), 0 survivors (0K)
 Metaspace       used 102337K, committed 103488K, reserved 1179648K
  class space    used 13913K, committed 14400K, reserved 1048576K
}
Event: 557.231 GC heap after
{Heap after GC invocations=52 (full 4):
 garbage-first heap   total 331776K, used 99506K [0x0000000080000000, 0x0000000100000000)
  region size 1024K, 4 young (4096K), 4 survivors (4096K)
 Metaspace       used 102337K, committed 103488K, reserved 1179648K
  class space    used 13913K, committed 14400K, reserved 1048576K
}
Event: 558.039 GC heap before
{Heap before GC invocations=52 (full 4):
 garbage-first heap   total 331776K, used 148658K [0x0000000080000000, 0x0000000100000000)
  region size 1024K, 53 young (54272K), 4 survivors (4096K)
 Metaspace       used 102491K, committed 103616K, reserved 1179648K
  class space    used 13915K, committed 14400K, reserved 1048576K
}
Event: 558.091 GC heap after
{Heap after GC invocations=53 (full 5):
 garbage-first heap   total 331776K, used 96157K [0x0000000080000000, 0x0000000100000000)
  region size 1024K, 0 young (0K), 0 survivors (0K)
 Metaspace       used 102398K, committed 103616K, reserved 1179648K
  class space    used 13889K, committed 14400K, reserved 1048576K
}
Event: 558.244 GC heap before
{Heap before GC invocations=53 (full 5):
 garbage-first heap   total 331776K, used 115613K [0x0000000080000000, 0x0000000100000000)
  region size 1024K, 19 young (19456K), 0 survivors (0K)
 Metaspace       used 102480K, committed 103616K, reserved 1179648K
  class space    used 13892K, committed 14400K, reserved 1048576K
}
Event: 558.290 GC heap after
{Heap after GC invocations=54 (full 6):
 garbage-first heap   total 331776K, used 98136K [0x0000000080000000, 0x0000000100000000)
  region size 1024K, 0 young (0K), 0 survivors (0K)
 Metaspace       used 102480K, committed 103616K, reserved 1179648K
  class space    used 13892K, committed 14400K, reserved 1048576K
}
Event: 558.880 GC heap before
{Heap before GC invocations=54 (full 6):
 garbage-first heap   total 331776K, used 168792K [0x0000000080000000, 0x0000000100000000)
  region size 1024K, 67 young (68608K), 0 survivors (0K)
 Metaspace       used 102669K, committed 103808K, reserved 1179648K
  class space    used 13900K, committed 14400K, reserved 1048576K
}

